<?xml version="1.0" encoding="UTF-8"?>
<testsuite name="edu.ncsu.csc326.coffeemaker.CoffeeMakerTest" tests="1" skipped="0" failures="0" errors="0" timestamp="2021-08-31T14:27:55" hostname="Metaras" time="0.003">
  <properties/>
  <testcase name="testAmountAndPriceMalformed" classname="edu.ncsu.csc326.coffeemaker.CoffeeMakerTest" time="0.003"/>
  <system-out><![CDATA[]]></system-out>
  <system-err><![CDATA[]]></system-err>
</testsuite>
